Arguments: 
  /snap/node/3292/bin/node /snap/node/3292/bin/yarn.js global dir --json

PATH: 
  /home/brunoflegler/.zinit/polaris/bin:/usr/local/sbin:/usr/local/bin:/usr/sbin:/usr/bin:/sbin:/bin:/usr/games:/usr/local/games:/snap/bin

Yarn version: 
  1.22.5

Node version: 
  12.19.0

Platform: 
  linux x64

Trace: 
  Error: EACCES: permission denied, write
      at writeSync (fs.js:679:3)
      at SyncWriteStream._write (internal/fs/sync_write_stream.js:24:3)
      at doWrite (_stream_writable.js:403:12)
      at writeOrBuffer (_stream_writable.js:387:5)
      at SyncWriteStream.Writable.write (_stream_writable.js:318:11)
      at JSONReporter._dump (/snap/node/3292/lib/cli.js:49772:12)
      at JSONReporter.log (/snap/node/3292/lib/cli.js:49800:10)
      at dir (/snap/node/3292/lib/cli.js:36256:14)
      at Object.<anonymous> (/snap/node/3292/lib/cli.js:25940:25)
      at Generator.next (<anonymous>)

npm manifest: 
  {
    "name": "socket.io",
    "version": "1.0.0",
    "description": "",
    "main": "index.js",
    "scripts": {
      "dev": "nodemon ./src/index.js",
      "start": "node ./src/index.js"
    },
    "keywords": [],
    "author": "",
    "license": "ISC",
    "dependencies": {
      "cors": "^2.8.5",
      "express": "^4.17.1",
      "http": "^0.0.1-security",
      "socket.io": "^3.1.0"
    },
    "devDependencies": {
      "eslint": "^5.16.0",
      "eslint-config-prettier": "^6.0.0",
      "eslint-config-standard": "^13.0.1",
      "eslint-plugin-import": "^2.18.0",
      "eslint-plugin-node": "^9.1.0",
      "eslint-plugin-prettier": "^3.1.0",
      "eslint-plugin-promise": "^4.2.1",
      "eslint-plugin-standard": "^4.0.0",
      "nodemon": "^2.0.7",
      "prettier": "^2.2.1"
    }
  }

yarn manifest: 
  No manifest

Lockfile: 
  No lockfile
